<?xml version="1.0" encoding="UTF-8"?>
<coverage generated="1679793550">
  <project timestamp="1679793550">
    <file name="/home/runner/work/php-watermark/php-watermark/src/Exception/FileNotFoundException.php">
      <class name="Pampapay\PhpWatermark\Exception\FileNotFoundException" namespace="global">
        <metrics complexity="0" methods="0" coveredmethods="0" conditionals="0" coveredconditionals="0" statements="0" coveredstatements="0" elements="0" coveredelements="0"/>
      </class>
      <metrics loc="8" ncloc="8" classes="0" methods="0" coveredmethods="0" conditionals="0" coveredconditionals="0" statements="0" coveredstatements="0" elements="0" coveredelements="0"/>
    </file>
    <file name="/home/runner/work/php-watermark/php-watermark/src/Image.php">
      <class name="Pampapay\PhpWatermark\Image" namespace="global">
        <metrics complexity="8" methods="3" coveredmethods="2" conditionals="0" coveredconditionals="0" statements="23" coveredstatements="21" elements="26" coveredelements="23"/>
      </class>
      <line num="17" type="method" name="__construct" visibility="public" complexity="3" crap="3.33" count="4"/>
      <line num="19" type="stmt" count="4"/>
      <line num="20" type="stmt" count="0"/>
      <line num="23" type="stmt" count="4"/>
      <line num="25" type="stmt" count="4"/>
      <line num="26" type="stmt" count="0"/>
      <line num="29" type="stmt" count="4"/>
      <line num="35" type="method" name="addTextWatermark" visibility="public" complexity="4" crap="4" count="3"/>
      <line num="37" type="stmt" count="3"/>
      <line num="38" type="stmt" count="2"/>
      <line num="41" type="stmt" count="3"/>
      <line num="43" type="stmt" count="3"/>
      <line num="44" type="stmt" count="3"/>
      <line num="45" type="stmt" count="3"/>
      <line num="47" type="stmt" count="3"/>
      <line num="48" type="stmt" count="3"/>
      <line num="49" type="stmt" count="3"/>
      <line num="50" type="stmt" count="3"/>
      <line num="51" type="stmt" count="3"/>
      <line num="55" type="stmt" count="3"/>
      <line num="57" type="stmt" count="3"/>
      <line num="59" type="stmt" count="3"/>
      <line num="61" type="stmt" count="3"/>
      <line num="67" type="method" name="saveCopy" visibility="public" complexity="1" crap="1" count="4"/>
      <line num="69" type="stmt" count="4"/>
      <line num="71" type="stmt" count="4"/>
      <metrics loc="73" ncloc="63" classes="1" methods="3" coveredmethods="2" conditionals="0" coveredconditionals="0" statements="23" coveredstatements="21" elements="26" coveredelements="23"/>
    </file>
    <file name="/home/runner/work/php-watermark/php-watermark/src/Watermark.php">
      <class name="Pampapay\PhpWatermark\Watermark" namespace="global">
        <metrics complexity="7" methods="5" coveredmethods="5" conditionals="0" coveredconditionals="0" statements="29" coveredstatements="29" elements="34" coveredelements="34"/>
      </class>
      <line num="25" type="method" name="__construct" visibility="public" complexity="2" crap="2" count="5"/>
      <line num="27" type="stmt" count="5"/>
      <line num="28" type="stmt" count="5"/>
      <line num="31" type="stmt" count="5"/>
      <line num="32" type="stmt" count="5"/>
      <line num="34" type="stmt" count="5"/>
      <line num="35" type="stmt" count="5"/>
      <line num="37" type="stmt" count="5"/>
      <line num="38" type="stmt" count="5"/>
      <line num="39" type="stmt" count="5"/>
      <line num="41" type="stmt" count="5"/>
      <line num="43" type="stmt" count="5"/>
      <line num="44" type="stmt" count="5"/>
      <line num="47" type="method" name="getImage" visibility="public" complexity="1" crap="1" count="5"/>
      <line num="49" type="stmt" count="5"/>
      <line num="52" type="method" name="getWidth" visibility="public" complexity="1" crap="1" count="3"/>
      <line num="54" type="stmt" count="3"/>
      <line num="57" type="method" name="getHeight" visibility="public" complexity="1" crap="1" count="3"/>
      <line num="59" type="stmt" count="3"/>
      <line num="62" type="method" name="generate" visibility="public" complexity="2" crap="2" count="5"/>
      <line num="64" type="stmt" count="5"/>
      <line num="65" type="stmt" count="5"/>
      <line num="67" type="stmt" count="5"/>
      <line num="68" type="stmt" count="2"/>
      <line num="69" type="stmt" count="2"/>
      <line num="72" type="stmt" count="5"/>
      <line num="74" type="stmt" count="5"/>
      <line num="75" type="stmt" count="5"/>
      <line num="76" type="stmt" count="5"/>
      <line num="78" type="stmt" count="5"/>
      <line num="79" type="stmt" count="5"/>
      <line num="80" type="stmt" count="5"/>
      <line num="81" type="stmt" count="5"/>
      <line num="83" type="stmt" count="5"/>
      <metrics loc="85" ncloc="85" classes="1" methods="5" coveredmethods="5" conditionals="0" coveredconditionals="0" statements="29" coveredstatements="29" elements="34" coveredelements="34"/>
    </file>
    <metrics files="3" loc="166" ncloc="156" classes="2" methods="8" coveredmethods="7" conditionals="0" coveredconditionals="0" statements="52" coveredstatements="50" elements="60" coveredelements="57"/>
  </project>
</coverage>
